<?xml version="1.0" encoding="UTF-8"?>
<!-- Generated by org.testng.reporters.JUnitXMLReporter -->
<testsuite ignored="0" hostname="KAWSHI" failures="0" tests="14" name="Default test" time="22.855" errors="0" timestamp="2021-01-08T16:14:43 IST">
  <testcase classname="Test_Logout" name="LogoutFail" time="5.354"/>
  <testcase classname="Test_Logout" name="LogoutSuccessful" time="1.416"/>
  <testcase classname="Test_PasswordReset" name="PasswordResetFail" time="1.811"/>
  <testcase classname="Test_PasswordReset" name="PasswordResetRequestFail" time="1.229"/>
  <testcase classname="Test_PasswordReset" name="PasswordResetRequestSuccess" time="1.238"/>
  <testcase classname="Test_PasswordReset" name="PasswordResetSuccess" time="1.491"/>
  <testcase classname="Test_ChangePassword" name="ChangePasswordFail" time="1.351"/>
  <testcase classname="Test_ChangePassword" name="ChangePasswordSuccess" time="1.318"/>
  <testcase classname="Test_UserRegistration" name="UserRegistrationFail" time="1.335"/>
  <testcase classname="Test_UserRegistration" name="UserRegistrationSuccess" time="1.171"/>
  <testcase classname="Test_Login" name="LoginFail" time="1.356"/>
  <testcase classname="Test_Login" name="LoginSuccess" time="1.188"/>
  <testcase classname="Test_PasswordChallenge" name="PasswordChallengeFail" time="1.3"/>
  <testcase classname="Test_PasswordChallenge" name="PasswordChallengeSuccess" time="1.191"/>
</testsuite> <!-- Default test -->
