<?xml version="1.0" encoding="UTF-8"?>
<testng-results ignored="0" total="2" passed="2" failed="0" skipped="0">
  <reporter-output>
  </reporter-output>
  <suite started-at="2021-01-21T16:34:42 IST" name="Default suite" finished-at="2021-01-21T16:34:48 IST" duration-ms="6156">
    <groups>
    </groups>
    <test started-at="2021-01-21T16:34:42 IST" name="Default test" finished-at="2021-01-21T16:34:48 IST" duration-ms="6156">
      <class name="Test_Login">
        <test-method signature="LoginFail()[pri:0, instance:Test_Login@4278a03f]" started-at="2021-01-21T16:34:42 IST" name="LoginFail" finished-at="2021-01-21T16:34:47 IST" duration-ms="4948" status="PASS">
          <reporter-output>
          </reporter-output>
        </test-method> <!-- LoginFail -->
        <test-method signature="LoginSuccess()[pri:0, instance:Test_Login@4278a03f]" started-at="2021-01-21T16:34:47 IST" name="LoginSuccess" finished-at="2021-01-21T16:34:48 IST" duration-ms="1138" status="PASS">
          <reporter-output>
          </reporter-output>
        </test-method> <!-- LoginSuccess -->
      </class> <!-- Test_Login -->
    </test> <!-- Default test -->
  </suite> <!-- Default suite -->
</testng-results>
